<?xml version="1.0" encoding="UTF-8"?>
<!-- Generated by org.testng.reporters.JUnitReportReporter -->
<testsuite hostname="LAPTOP-JUQJ0GN9" failures="0" tests="2" name="com.tests.Employee_Test" time="2.342" errors="0" timestamp="2025-06-06T10:40:32 IST" skipped="0">
  <testcase classname="com.tests.Employee_Test" name="login_Test" time="0.033"/>
  <system-out/>
  <testcase classname="com.tests.Employee_Test" name="perform_Login" time="2.309"/>
  <system-out/>
</testsuite> <!-- com.tests.Employee_Test -->
